<?xml version="1.0" encoding="UTF-8"?>
<!-- Generated by org.testng.reporters.JUnitReportReporter -->
<testsuite hostname="DESKTOP-5BKKI8L" failures="0" tests="1" name="com.allianz.test.LoginUITest" time="0.028" errors="0" timestamp="2024-04-02T18:39:40 PDT" skipped="0">
  <testcase classname="com.allianz.test.LoginUITest" name="titleTest" time="0.028"/>
</testsuite> <!-- com.allianz.test.LoginUITest -->
